[0mGET /users/sign-up [36m304[0m 11.407 ms - -[0m
[0mGET /users/sign-in [36m304[0m 2.563 ms - -[0m
[0mPOST /users/create-session [36m302[0m 15.031 ms - 46[0m
[0mGET / [32m200[0m 10.376 ms - 4454[0m
[0mGET /js/home_post_comments.js [33m404[0m 9.031 ms - 163[0m
[0mGET /js/toggle_likes.js [33m404[0m 11.591 ms - 157[0m
[0mGET /js/toggle_likes.js [33m404[0m 2.404 ms - 157[0m
[0mGET /users/profile/6095050171263e13c0a75097 [32m200[0m 7.718 ms - 2633[0m
[0mGET /users/profile/60952616d500a241c8afcf87 [32m200[0m 6.901 ms - 2143[0m
[0mGET /users/sign-out [36m302[0m 2.887 ms - 46[0m
[0mGET / [32m200[0m 5.368 ms - 3679[0m
[0mGET /js/home_post_comments.js [33m404[0m 1.072 ms - 163[0m
[0mGET /js/toggle_likes.js [33m404[0m 1.433 ms - 157[0m
[0mGET /js/home_post_comments.js [33m404[0m 1.125 ms - 163[0m
[0mGET /js/toggle_likes.js [33m404[0m 0.628 ms - 157[0m
[0mGET /users/sign-up [36m304[0m 1.201 ms - -[0m
[0mGET /users/sign-in [36m304[0m 0.875 ms - -[0m
[0mPOST /users/create-session [36m302[0m 3.181 ms - 46[0m
[0mGET / [32m200[0m 4.776 ms - 4454[0m
[0mGET /js/home_post_comments.js [33m404[0m 10.721 ms - 163[0m
[0mGET /js/toggle_likes.js [33m404[0m 8.532 ms - 157[0m
[0mGET /js/home_post_comments.js [33m404[0m 2.935 ms - 163[0m
[0mGET /js/toggle_likes.js [33m404[0m 2.409 ms - 157[0m
[0mPOST /posts/create [32m200[0m 24.088 ms - 272[0m
[0mPOST /comments/create [36m302[0m 28.285 ms - 46[0m
[0mGET / [32m200[0m 11.983 ms - 5697[0m
[0mGET /js/home_post_comments.js [33m404[0m 11.336 ms - 163[0m
[0mGET /js/toggle_likes.js [33m404[0m 21.296 ms - 157[0m
[0mGET /js/home_post_comments.js [33m404[0m 2.739 ms - 163[0m
[0mGET /js/toggle_likes.js [33m404[0m 2.129 ms - 157[0m
[0mGET /likes/toggle/?id=60d059eaf791c728183e3a76&type=Post [33m404[0m 2.415 ms - 152[0m
[0mPOST /posts/create [32m200[0m 6.866 ms - 270[0m
[0mPOST /posts/create [32m200[0m 6.007 ms - 275[0m
[0mPOST /comments/create [36m302[0m 11.896 ms - 46[0m
[0mGET / [32m200[0m 18.444 ms - 9127[0m
[0mGET /js/home_post_comments.js [33m404[0m 12.936 ms - 163[0m
[0mGET /js/toggle_likes.js [33m404[0m 8.750 ms - 157[0m
[0mGET /js/home_post_comments.js [33m404[0m 2.405 ms - 163[0m
[0mGET /js/toggle_likes.js [33m404[0m 2.407 ms - 157[0m
[0mPOST /comments/create [36m302[0m 9.695 ms - 46[0m
[0mGET / [32m200[0m 11.037 ms - 9591[0m
[0mGET /js/home_post_comments.js [33m404[0m 6.986 ms - 163[0m
[0mGET /js/toggle_likes.js [33m404[0m 7.132 ms - 157[0m
[0mGET /js/home_post_comments.js [33m404[0m 3.622 ms - 163[0m
[0mGET /js/toggle_likes.js [33m404[0m 2.104 ms - 157[0m
[0mPOST /comments/create [36m302[0m 10.392 ms - 46[0m
[0mGET / [32m200[0m 10.990 ms - 10058[0m
[0mGET /js/home_post_comments.js [33m404[0m 5.081 ms - 163[0m
[0mGET /js/toggle_likes.js [33m404[0m 4.853 ms - 157[0m
[0mGET /js/home_post_comments.js [33m404[0m 2.539 ms - 163[0m
[0mGET /js/toggle_likes.js [33m404[0m 3.158 ms - 157[0m
[0mPOST /comments/create [36m302[0m 9.192 ms - 46[0m
[0mGET / [32m200[0m 11.489 ms - 10522[0m
[0mGET /js/home_post_comments.js [33m404[0m 7.715 ms - 163[0m
[0mGET /js/toggle_likes.js [33m404[0m 4.208 ms - 157[0m
[0mGET /js/home_post_comments.js [33m404[0m 1.924 ms - 163[0m
[0mGET /js/toggle_likes.js [33m404[0m 4.659 ms - 157[0m
[0mGET /posts/destroy/60d059f1f791c728183e3a7a [32m200[0m 10.075 ms - 72[0m
[0mGET /posts/destroy/60d059f0f791c728183e3a79 [36m302[0m 9.265 ms - 88[0m
[0mGET / [32m200[0m 11.606 ms - 6199[0m
[0mGET /js/home_post_comments.js [33m404[0m 5.309 ms - 163[0m
[0mGET /js/toggle_likes.js [33m404[0m 5.184 ms - 157[0m
[0mGET / [32m200[0m 90.464 ms - 4211[0m
[0mGET /js/home_post_comments.js [33m404[0m 11.663 ms - 163[0m
[0mGET /js/toggle_likes.js [33m404[0m 5.195 ms - 157[0m
[0mGET /js/home_post_comments.js [33m404[0m 1.631 ms - 163[0m
[0mGET /js/toggle_likes.js [33m404[0m 1.177 ms - 157[0m
[0mGET /users/sign-in [36m304[0m 11.963 ms - -[0m
[0mPOST /users/create-session [36m302[0m 20.153 ms - 46[0m
[0mGET / [32m200[0m 44.878 ms - 6169[0m
[0mGET /js/home_post_comments.js [33m404[0m 15.218 ms - 163[0m
[0mGET /js/toggle_likes.js [33m404[0m 10.207 ms - 157[0m
[0mGET /js/home_post_comments.js [33m404[0m 6.019 ms - 163[0m
[0mGET /js/toggle_likes.js [33m404[0m 6.770 ms - 157[0m
[0mPOST /posts/create [32m200[0m 34.071 ms - 272[0m
[0mPOST /comments/create [36m302[0m 33.694 ms - 46[0m
[0mGET / [32m200[0m 64.019 ms - 7874[0m
[0mGET /js/home_post_comments.js [33m404[0m 11.076 ms - 163[0m
[0mGET /js/toggle_likes.js [33m404[0m 15.057 ms - 157[0m
[0mGET /js/home_post_comments.js [33m404[0m 5.991 ms - 163[0m
[0mGET /js/toggle_likes.js [33m404[0m 7.385 ms - 157[0m
[0mGET /posts/destroy/60d0d44d18f97c1ce8adc972 [32m200[0m 25.800 ms - 72[0m
[0mGET /posts/destroy/60d059eaf791c728183e3a76 [36m302[0m 20.247 ms - 88[0m
[0mGET / [32m200[0m 19.236 ms - 4484[0m
[0mGET /js/home_post_comments.js [33m404[0m 18.804 ms - 163[0m
[0mGET /js/toggle_likes.js [33m404[0m 9.014 ms - 157[0m
[0mGET /js/home_post_comments.js [33m404[0m 4.572 ms - 163[0m
[0mGET /js/toggle_likes.js [33m404[0m 5.218 ms - 157[0m
[0mGET /users/profile/60952616d500a241c8afcf87 [32m200[0m 17.753 ms - 2143[0m
[0mGET / [32m200[0m 17.910 ms - 4099[0m
[0mGET /js/home_post_comments.js [33m404[0m 14.257 ms - 163[0m
[0mGET /js/toggle_likes.js [33m404[0m 16.841 ms - 157[0m
[0mGET /js/toggle_likes.js [33m404[0m 6.027 ms - 157[0m
[0mGET /users/profile/6095050171263e13c0a75097 [32m200[0m 18.774 ms - 2633[0m
[0mGET / [36m304[0m 19.084 ms - -[0m
[0mGET /js/home_post_comments.js [33m404[0m 14.518 ms - 163[0m
[0mGET /js/toggle_likes.js [33m404[0m 8.683 ms - 157[0m
[0mGET /js/toggle_likes.js [33m404[0m 5.619 ms - 157[0m
[0mGET /users/sign-out [36m302[0m 5.675 ms - 46[0m
[0mGET / [32m200[0m 17.881 ms - 3679[0m
[0mGET /js/home_post_comments.js [33m404[0m 11.168 ms - 163[0m
[0mGET /js/toggle_likes.js [33m404[0m 6.171 ms - 157[0m
[0mGET /js/home_post_comments.js [33m404[0m 2.745 ms - 163[0m
[0mGET /js/toggle_likes.js [33m404[0m 1.273 ms - 157[0m
[0mGET / [32m200[0m 54.563 ms - 3326[0m
[0mGET /js/home_post_comments.js [33m404[0m 8.688 ms - 163[0m
[0mGET /js/toggle_likes.js [33m404[0m 6.539 ms - 157[0m
[0mGET /js/home_post_comments.js [33m404[0m 1.366 ms - 163[0m
[0mGET /js/toggle_likes.js [33m404[0m 2.000 ms - 157[0m
[0mGET / [36m304[0m 82.938 ms - -[0m
[0mGET /js/home_post_comments.js [33m404[0m 12.065 ms - 163[0m
[0mGET /js/toggle_likes.js [33m404[0m 20.199 ms - 157[0m
[0mGET /js/home_post_comments.js [33m404[0m 1.270 ms - 163[0m
[0mGET /js/toggle_likes.js [33m404[0m 1.290 ms - 157[0m
[0mGET /favicon.ico [33m404[0m 1.990 ms - 150[0m
[0mGET /users/sign-in [36m304[0m 9.182 ms - -[0m
[0mGET /users/sign-in [36m304[0m 5.206 ms - -[0m
[0mGET /users/sign-in [36m304[0m 5.881 ms - -[0m
[0mPOST /users/create-session [36m302[0m 23.695 ms - 46[0m
[0mGET / [32m200[0m 27.680 ms - 4454[0m
[0mGET /js/home_post_comments.js [33m404[0m 24.046 ms - 163[0m
[0mGET /js/toggle_likes.js [33m404[0m 20.167 ms - 157[0m
[0mGET /js/home_post_comments.js [33m404[0m 5.328 ms - 163[0m
[0mGET /js/toggle_likes.js [33m404[0m 5.120 ms - 157[0m
[0mGET / [32m200[0m 17.855 ms - 4099[0m
[0mGET /js/home_post_comments.js [33m404[0m 20.546 ms - 163[0m
[0mGET /js/toggle_likes.js [33m404[0m 12.134 ms - 157[0m
[0mGET /js/home_post_comments.js [33m404[0m 5.782 ms - 163[0m
[0mGET /js/toggle_likes.js [33m404[0m 3.897 ms - 157[0m
[0mGET /users/sign-out [36m302[0m 4.963 ms - 46[0m
[0mGET / [32m200[0m 13.108 ms - 3679[0m
[0mGET /js/home_post_comments.js [33m404[0m 11.605 ms - 163[0m
[0mGET /js/toggle_likes.js [33m404[0m 5.360 ms - 157[0m
[0mGET /js/home_post_comments.js [33m404[0m 2.392 ms - 163[0m
[0mGET /js/toggle_likes.js [33m404[0m 1.151 ms - 157[0m
[0mGET /users/sign-up [36m304[0m 5.723 ms - -[0m
[0mGET /users/sign-in [36m304[0m 4.108 ms - -[0m
[0mGET /users/sign-up [36m304[0m 5.067 ms - -[0m
[0mGET /users/sign-in [36m304[0m 4.400 ms - -[0m
[0mGET /users/auth/google [36m302[0m 3.392 ms - 0[0m
[0mGET / [31m500[0m 64.629 ms - 1750[0m
[0mGET / [31m500[0m 18.209 ms - 2541[0m
[0mGET / [31m500[0m 11.702 ms - 2542[0m
[0mGET / [31m500[0m 11.118 ms - 2542[0m
[0mGET / [31m500[0m 11.182 ms - 2542[0m
[0mGET / [31m500[0m 81.795 ms - 2542[0m
[0mGET / [31m500[0m 54.957 ms - 2542[0m
[0mGET / [31m500[0m 53.019 ms - 2542[0m
[0mGET / [31m500[0m 14.340 ms - 2542[0m
[0mGET / [32m200[0m 62.146 ms - 3326[0m
[0mGET /js/home_post_comments.js [33m404[0m 18.584 ms - 163[0m
[0mGET /js/toggle_likes.js [33m404[0m 5.607 ms - 157[0m
[0mGET /js/home_post_comments.js [33m404[0m 1.919 ms - 163[0m
[0mGET /js/toggle_likes.js [33m404[0m 1.474 ms - 157[0m
[0mGET /favicon.ico [33m404[0m 1.409 ms - 150[0m
[0mGET /users/sign-in [32m200[0m 9.678 ms - 2193[0m
[0mPOST /users/create-session [36m302[0m 17.484 ms - 46[0m
[0mGET / [32m200[0m 21.010 ms - 4454[0m
[0mGET /js/home_post_comments.js [33m404[0m 27.862 ms - 163[0m
[0mGET /js/toggle_likes.js [33m404[0m 28.370 ms - 157[0m
[0mGET /js/home_post_comments.js [33m404[0m 7.228 ms - 163[0m
[0mGET /js/toggle_likes.js [33m404[0m 6.660 ms - 157[0m
[0mGET / [32m200[0m 130.241 ms - 3326[0m
[0mGET /js/home_post_comments.js [33m404[0m 14.845 ms - 163[0m
[0mGET /js/toggle_likes.js [33m404[0m 3.968 ms - 157[0m
[0mGET /js/home_post_comments.js [33m404[0m 3.425 ms - 163[0m
[0mGET /js/toggle_likes.js [33m404[0m 1.760 ms - 157[0m
[0mGET /users/sign-in [32m200[0m 6.361 ms - 2193[0m
[0mPOST /users/create-session [36m302[0m 19.102 ms - 46[0m
[0mGET / [32m200[0m 25.643 ms - 4454[0m
[0mGET /js/home_post_comments.js [33m404[0m 19.301 ms - 163[0m
[0mGET /js/toggle_likes.js [33m404[0m 17.020 ms - 157[0m
[0mGET /js/home_post_comments.js [33m404[0m 5.849 ms - 163[0m
[0mGET /js/toggle_likes.js [33m404[0m 5.180 ms - 157[0m
[0mGET /users/sign-out [36m302[0m 6.014 ms - 46[0m
[0mGET / [32m200[0m 15.479 ms - 3679[0m
[0mGET /js/home_post_comments.js [33m404[0m 5.337 ms - 163[0m
[0mGET /js/toggle_likes.js [33m404[0m 5.688 ms - 157[0m
[0mGET / [32m200[0m 80.649 ms - 3326[0m
[0mGET /js/home_post_comments.js [33m404[0m 14.629 ms - 163[0m
[0mGET /js/toggle_likes.js [33m404[0m 25.636 ms - 157[0m
[0mGET /js/home_post_comments.js [33m404[0m 20.333 ms - 163[0m
[0mGET /js/toggle_likes.js [33m404[0m 5.048 ms - 157[0m
[0mGET /users/sign-in [32m200[0m 8.570 ms - 2193[0m
[0mPOST /users/create-session [36m302[0m 18.670 ms - 46[0m
[0mGET / [32m200[0m 25.104 ms - 4454[0m
[0mGET /js/home_post_comments.js [33m404[0m 22.835 ms - 163[0m
[0mGET /js/toggle_likes.js [33m404[0m 29.768 ms - 157[0m
[0mGET /js/home_post_comments.js [33m404[0m 9.540 ms - 163[0m
[0mGET /js/toggle_likes.js [33m404[0m 9.588 ms - 157[0m
[0mPOST /posts/create [32m200[0m 48.226 ms - 270[0m
[0mPOST /comments/create [36m302[0m 51.949 ms - 46[0m
[0mGET / [32m200[0m 55.981 ms - 6158[0m
[0mGET /js/home_post_comments.js [33m404[0m 17.940 ms - 163[0m
[0mGET /js/toggle_likes.js [33m404[0m 10.669 ms - 157[0m
[0mGET /js/toggle_likes.js [33m404[0m 4.556 ms - 157[0m
[0mGET / [32m200[0m 141.761 ms - 4208[0m
[0mGET /js/home_post_comments.js [33m404[0m 8.614 ms - 163[0m
[0mGET /js/toggle_likes.js [33m404[0m 11.946 ms - 157[0m
[0mGET /js/home_post_comments.js [33m404[0m 9.041 ms - 163[0m
[0mGET /js/toggle_likes.js [33m404[0m 6.004 ms - 157[0m
[0mGET /favicon.ico [33m404[0m 1.587 ms - 150[0m
[0mGET /users/sign-in [32m200[0m 7.364 ms - 2193[0m
[0mPOST /users/create-session [36m302[0m 23.435 ms - 46[0m
[0mGET / [32m200[0m 46.106 ms - 6166[0m
[0mGET /js/home_post_comments.js [33m404[0m 14.404 ms - 163[0m
[0mGET /js/toggle_likes.js [33m404[0m 16.604 ms - 157[0m
[0mGET /js/toggle_likes.js [33m404[0m 6.762 ms - 157[0m
[0mGET /posts/destroy/60d478e102f9912a7c314c08 [32m200[0m 25.738 ms - 72[0m
[0mGET / [32m200[0m 52.348 ms - 3326[0m
[0mGET /js/home_post_comments.js [33m404[0m 5.599 ms - 163[0m
[0mGET /js/toggle_likes.js [33m404[0m 16.690 ms - 157[0m
[0mGET /js/home_post_comments.js [33m404[0m 1.489 ms - 163[0m
[0mGET /js/toggle_likes.js [33m404[0m 1.855 ms - 157[0m
[0mGET /users/sign-in [36m304[0m 6.623 ms - -[0m
[0mGET / [36m304[0m 21.930 ms - -[0m
[0mGET /js/home_post_comments.js [33m404[0m 11.439 ms - 163[0m
[0mGET /js/toggle_likes.js [33m404[0m 6.239 ms - 157[0m
[0mGET /js/toggle_likes.js [33m404[0m 1.786 ms - 157[0m
[0mGET /users/sign-in [36m304[0m 6.265 ms - -[0m
[0mPOST /users/create-session [36m302[0m 16.296 ms - 46[0m
[0mGET / [32m200[0m 25.204 ms - 4454[0m
[0mGET /js/home_post_comments.js [33m404[0m 13.454 ms - 163[0m
[0mGET /js/toggle_likes.js [33m404[0m 22.914 ms - 157[0m
[0mGET /js/toggle_likes.js [33m404[0m 5.609 ms - 157[0m
[0mGET / [32m200[0m 13.743 ms - 4100[0m
[0mGET /js/toggle_likes.js [33m404[0m 9.417 ms - 157[0m
[0mGET /js/toggle_likes.js [33m404[0m 4.931 ms - 157[0m
[0mPOST /posts/create [32m200[0m 43.221 ms - 269[0m
[0mPOST /comments/create [32m200[0m 26.752 ms - 256[0m
[0mGET /likes/toggle/?id=60d4c44f8a4f77420c02a8c0&type=Comment [33m404[0m 5.160 ms - 152[0m
[0mGET /comments/destroy/60d4c44f8a4f77420c02a8c0 [0m-[0m - ms - -[0m
[0mPOST /posts/create [32m200[0m 14.951 ms - 269[0m
[0mGET / [32m200[0m 41.016 ms - 7059[0m
[0mGET /js/toggle_likes.js [33m404[0m 6.792 ms - 157[0m
[0mGET /js/toggle_likes.js [33m404[0m 5.179 ms - 157[0m
[0mGET /posts/destroy/60d4c44e8a4f77420c02a8bf [32m200[0m 22.051 ms - 72[0m
[0mPOST /comments/create [36m302[0m 26.621 ms - 46[0m
[0mGET / [32m200[0m 37.382 ms - 6158[0m
[0mGET /js/toggle_likes.js [33m404[0m 7.160 ms - 157[0m
[0mGET /js/toggle_likes.js [33m404[0m 6.549 ms - 157[0m
[0mPOST /comments/create [36m302[0m 19.162 ms - 46[0m
[0mGET / [32m200[0m 37.188 ms - 6621[0m
[0mGET /js/toggle_likes.js [33m404[0m 9.167 ms - 157[0m
[0mGET /js/toggle_likes.js [33m404[0m 6.032 ms - 157[0m
[0mGET / [32m200[0m 27.440 ms - 6274[0m
[0mGET /js/toggle_likes.js [33m404[0m 9.761 ms - 157[0m
[0mGET /js/toggle_likes.js [33m404[0m 4.589 ms - 157[0m
[0mGET / [32m200[0m 82.459 ms - 4500[0m
[0mGET /js/toggle_likes.js [33m404[0m 9.620 ms - 157[0m
[0mGET /js/toggle_likes.js [33m404[0m 2.000 ms - 157[0m
[0mGET /users/sign-in [36m304[0m 11.737 ms - -[0m
[0mPOST /users/create-session [36m302[0m 20.668 ms - 46[0m
[0mGET / [32m200[0m 47.253 ms - 6630[0m
[0mGET /js/toggle_likes.js [33m404[0m 15.299 ms - 157[0m
[0mGET /js/toggle_likes.js [33m404[0m 6.273 ms - 157[0m
[0mGET / [32m200[0m 87.187 ms - 4500[0m
[0mGET /users/sign-in [36m304[0m 6.353 ms - -[0m
[0mPOST /users/create-session [36m302[0m 14.962 ms - 46[0m
[0mGET / [32m200[0m 32.195 ms - 6630[0m
[0mPOST /comments/create [36m302[0m 50.825 ms - 46[0m
[0mGET / [32m200[0m 59.802 ms - 7086[0m
[0mPOST /likes/toggle/?id=60d4c45d8a4f77420c02a8c2&type=Post [33m404[0m 5.824 ms - 153[0m
[0mPOST /likes/toggle/?id=60d4c45d8a4f77420c02a8c2&type=Comment [33m404[0m 4.834 ms - 153[0m
[0mPOST /likes/toggle/?id=60d4c45d8a4f77420c02a8c2&type=Comment [33m404[0m 4.462 ms - 153[0m
[0mPOST /likes/toggle/?id=60d4c45d8a4f77420c02a8c2&type=Post [33m404[0m 6.208 ms - 153[0m
[0mGET / [32m200[0m 101.924 ms - 4792[0m
[0mGET /users/sign-in [36m304[0m 7.115 ms - -[0m
[0mPOST /users/create-session [36m302[0m 14.258 ms - 46[0m
[0mGET / [32m200[0m 33.689 ms - 7094[0m
[0mPOST /likes/toggle/?id=60d4c45d8a4f77420c02a8c2&type=Post [33m404[0m 6.524 ms - 153[0m
